\BOOKMARK [1][-]{section.1}{Introduction}{}% 1
\BOOKMARK [1][-]{section.2}{API\040Web\040choisie}{}% 2
\BOOKMARK [1][-]{section.3}{Mettre à jour les données}{}% 3
\BOOKMARK [2][-]{subsection.3.1}{Mettre à jour Weatherstack}{section.3}% 4
\BOOKMARK [2][-]{subsection.3.2}{Mettre à jour Google Map}{section.3}% 5
\BOOKMARK [1][-]{section.4}{Fonctionnalités}{}% 6
\BOOKMARK [1][-]{section.5}{Cas\040d'utilisations}{}% 7
\BOOKMARK [2][-]{subsection.5.1}{Module\040Compte}{section.5}% 8
\BOOKMARK [3][-]{subsubsection.5.1.1}{Inscription}{subsection.5.1}% 9
\BOOKMARK [3][-]{subsubsection.5.1.2}{Authentification}{subsection.5.1}% 10
\BOOKMARK [3][-]{subsubsection.5.1.3}{Consulter\040l'espace\040du\040client}{subsection.5.1}% 11
\BOOKMARK [3][-]{subsubsection.5.1.4}{Créer l'espace du client}{subsection.5.1}% 12
\BOOKMARK [3][-]{subsubsection.5.1.5}{Modifier\040l'espace\040du\040client}{subsection.5.1}% 13
\BOOKMARK [2][-]{subsection.5.2}{Module\040Ressource}{section.5}% 14
\BOOKMARK [3][-]{subsubsection.5.2.1}{Consulter\040les\040ressources}{subsection.5.2}% 15
\BOOKMARK [3][-]{subsubsection.5.2.2}{Ajouter\040la\040ressource}{subsection.5.2}% 16
\BOOKMARK [3][-]{subsubsection.5.2.3}{Modifier\040la\040ressource}{subsection.5.2}% 17
\BOOKMARK [3][-]{subsubsection.5.2.4}{Supprimer\040la\040ressource}{subsection.5.2}% 18
\BOOKMARK [2][-]{subsection.5.3}{Module\040Demande}{section.5}% 19
\BOOKMARK [3][-]{subsubsection.5.3.1}{Réserver des logements}{subsection.5.3}% 20
\BOOKMARK [3][-]{subsubsection.5.3.2}{Consulter des demandes envoyées}{subsection.5.3}% 21
\BOOKMARK [3][-]{subsubsection.5.3.3}{Consulter des demandes reçues}{subsection.5.3}% 22
\BOOKMARK [3][-]{subsubsection.5.3.4}{Supprime des demandes envoyées}{subsection.5.3}% 23
\BOOKMARK [3][-]{subsubsection.5.3.5}{Supprime des demandes reçues}{subsection.5.3}% 24
\BOOKMARK [3][-]{subsubsection.5.3.6}{Accepter\040la\040demande}{subsection.5.3}% 25
\BOOKMARK [1][-]{section.6}{Stockage des données}{}% 26
\BOOKMARK [1][-]{section.7}{Structure\040du\040serveur}{}% 27
\BOOKMARK [2][-]{subsection.7.1}{Package\040Servlet}{section.7}% 28
\BOOKMARK [2][-]{subsection.7.2}{Package\040Bean\040et\040DAO}{section.7}% 29
\BOOKMARK [2][-]{subsection.7.3}{Util}{section.7}% 30
\BOOKMARK [1][-]{section.8}{Structure\040du\040client}{}% 31
\BOOKMARK [2][-]{subsection.8.1}{Le\040page\040jsp}{section.8}% 32
\BOOKMARK [2][-]{subsection.8.2}{JavaScript}{section.8}% 33
\BOOKMARK [1][-]{section.9}{Requêtes et réponse}{}% 34
\BOOKMARK [1][-]{section.10}{Annexe}{}% 35
\BOOKMARK [1][-]{section.11}{Référence}{}% 36
